MIF/HEX Update report for max10_nios2_interrupt
Sun Oct 10 05:50:27 2021
Quartus Prime Version 18.0.0 Build 614 04/24/2018 SJ Standard Edition


---------------------
; Table of Contents ;
---------------------
  1. Legal Notice
  2. MIF/HEX Update Summary
  3. MIF/HEX Update Processed Files
  4. MIF/HEX Update Messages



----------------
; Legal Notice ;
----------------
Copyright (C) 2018  Intel Corporation. All rights reserved.
Your use of Intel Corporation's design tools, logic functions 
and other software and tools, and its AMPP partner logic 
functions, and any output files from any of the foregoing 
(including device programming or simulation files), and any 
associated documentation or information are expressly subject 
to the terms and conditions of the Intel Program License 
Subscription Agreement, the Intel Quartus Prime License Agreement,
the Intel FPGA IP License Agreement, or other applicable license
agreement, including, without limitation, that your use is for
the sole purpose of programming logic devices manufactured by
Intel and sold by Intel or its authorized distributors.  Please
refer to the applicable agreement for further details.



+---------------------------------------------------------------+
; MIF/HEX Update Summary                                        ;
+-----------------------+---------------------------------------+
; MIF/HEX Update Status ; Successful - Sun Oct 10 05:50:27 2021 ;
; Revision Name         ; max10_nios2_interrupt                 ;
; Top-level Entity Name ; top                                   ;
; Family                ; MAX 10                                ;
; Device                ; 10M50DAF484C7G                        ;
+-----------------------+---------------------------------------+


+-----------------------------------------------------------------------------------------------------------+
; MIF/HEX Update Processed Files                                                                            ;
+-----------------------------------------------------------------------------------------------------------+
; File Name                                                                                                 ;
+-----------------------------------------------------------------------------------------------------------+
; E:/My_studies/3rd_year/Internship/Training/max10_nios2_interrupt/nios2_ROM.hex                            ;
; E:/My_studies/3rd_year/Internship/Training/max10_nios2_interrupt/software/nios2_sw/mem_init/nios2_RAM.hex ;
+-----------------------------------------------------------------------------------------------------------+


+-------------------------+
; MIF/HEX Update Messages ;
+-------------------------+
Info: *******************************************************************
Info: Running Quartus Prime MIF/HEX Update
    Info: Version 18.0.0 Build 614 04/24/2018 SJ Standard Edition
    Info: Processing started: Sun Oct 10 05:50:25 2021
Info: Command: quartus_cdb max10_nios2_interrupt -c max10_nios2_interrupt --update_mif
Warning (18236): Number of processors has not been specified which may cause overloading on shared machines.  Set the global assignment NUM_PARALLEL_PROCESSORS in your QSF to an appropriate value for best performance.
Warning (113015): Width of data items in "nios2_RAM.hex" is greater than the memory width. Wrapping data items to subsequent addresses. Found 3200 warnings, reporting 10 File: E:/My_studies/3rd_year/Internship/Training/max10_nios2_interrupt/software/nios2_sw/mem_init/nios2_RAM.hex Line: 1
    Warning (113009): Data at line (2) of memory initialization file "nios2_RAM.hex" is too wide to fit in one memory word. Wrapping data to subsequent addresses. File: E:/My_studies/3rd_year/Internship/Training/max10_nios2_interrupt/software/nios2_sw/mem_init/nios2_RAM.hex Line: 2
    Warning (113009): Data at line (3) of memory initialization file "nios2_RAM.hex" is too wide to fit in one memory word. Wrapping data to subsequent addresses. File: E:/My_studies/3rd_year/Internship/Training/max10_nios2_interrupt/software/nios2_sw/mem_init/nios2_RAM.hex Line: 3
    Warning (113009): Data at line (4) of memory initialization file "nios2_RAM.hex" is too wide to fit in one memory word. Wrapping data to subsequent addresses. File: E:/My_studies/3rd_year/Internship/Training/max10_nios2_interrupt/software/nios2_sw/mem_init/nios2_RAM.hex Line: 4
    Warning (113009): Data at line (5) of memory initialization file "nios2_RAM.hex" is too wide to fit in one memory word. Wrapping data to subsequent addresses. File: E:/My_studies/3rd_year/Internship/Training/max10_nios2_interrupt/software/nios2_sw/mem_init/nios2_RAM.hex Line: 5
    Warning (113009): Data at line (6) of memory initialization file "nios2_RAM.hex" is too wide to fit in one memory word. Wrapping data to subsequent addresses. File: E:/My_studies/3rd_year/Internship/Training/max10_nios2_interrupt/software/nios2_sw/mem_init/nios2_RAM.hex Line: 6
    Warning (113009): Data at line (7) of memory initialization file "nios2_RAM.hex" is too wide to fit in one memory word. Wrapping data to subsequent addresses. File: E:/My_studies/3rd_year/Internship/Training/max10_nios2_interrupt/software/nios2_sw/mem_init/nios2_RAM.hex Line: 7
    Warning (113009): Data at line (8) of memory initialization file "nios2_RAM.hex" is too wide to fit in one memory word. Wrapping data to subsequent addresses. File: E:/My_studies/3rd_year/Internship/Training/max10_nios2_interrupt/software/nios2_sw/mem_init/nios2_RAM.hex Line: 8
    Warning (113009): Data at line (9) of memory initialization file "nios2_RAM.hex" is too wide to fit in one memory word. Wrapping data to subsequent addresses. File: E:/My_studies/3rd_year/Internship/Training/max10_nios2_interrupt/software/nios2_sw/mem_init/nios2_RAM.hex Line: 9
    Warning (113009): Data at line (10) of memory initialization file "nios2_RAM.hex" is too wide to fit in one memory word. Wrapping data to subsequent addresses. File: E:/My_studies/3rd_year/Internship/Training/max10_nios2_interrupt/software/nios2_sw/mem_init/nios2_RAM.hex Line: 10
    Warning (113009): Data at line (11) of memory initialization file "nios2_RAM.hex" is too wide to fit in one memory word. Wrapping data to subsequent addresses. File: E:/My_studies/3rd_year/Internship/Training/max10_nios2_interrupt/software/nios2_sw/mem_init/nios2_RAM.hex Line: 11
Critical Warning (127004): Memory depth (25600) in the design file differs from memory depth (51192) in the Memory Initialization File "E:/My_studies/3rd_year/Internship/Training/max10_nios2_interrupt/software/nios2_sw/mem_init/nios2_RAM.hex" -- truncated remaining initial content value to fit RAM
Critical Warning (127005): Memory depth (32) in the design file differs from memory depth (16) in the Memory Initialization File "E:/My_studies/3rd_year/Internship/Training/max10_nios2_interrupt/nios2_ROM.hex" -- setting initial value for remaining addresses to 0
Info (39024): Processed the following Memory Initialization File(s)
    Info (39025): Processed Memory Initialization File E:/My_studies/3rd_year/Internship/Training/max10_nios2_interrupt/nios2_ROM.hex File: E:/My_studies/3rd_year/Internship/Training/max10_nios2_interrupt/nios2_ROM.hex Line: 0
    Info (39025): Processed Memory Initialization File E:/My_studies/3rd_year/Internship/Training/max10_nios2_interrupt/software/nios2_sw/mem_init/nios2_RAM.hex File: E:/My_studies/3rd_year/Internship/Training/max10_nios2_interrupt/software/nios2_sw/mem_init/nios2_RAM.hex Line: 0
Info: Quartus Prime MIF/HEX Update was successful. 0 errors, 14 warnings
    Info: Peak virtual memory: 4746 megabytes
    Info: Processing ended: Sun Oct 10 05:50:27 2021
    Info: Elapsed time: 00:00:02
    Info: Total CPU time (on all processors): 00:00:02


