Flow report for max10_nios2_interrupt
Sun Oct 10 03:56:07 2021
Quartus Prime Version 18.0.0 Build 614 04/24/2018 SJ Standard Edition


---------------------
; Table of Contents ;
---------------------
  1. Legal Notice
  2. Flow Summary
  3. Flow Settings
  4. Flow Non-Default Global Settings
  5. Flow Elapsed Time
  6. Flow OS Summary
  7. Flow Log
  8. Flow Messages
  9. Flow Suppressed Messages



----------------
; Legal Notice ;
----------------
Copyright (C) 2018  Intel Corporation. All rights reserved.
Your use of Intel Corporation's design tools, logic functions 
and other software and tools, and its AMPP partner logic 
functions, and any output files from any of the foregoing 
(including device programming or simulation files), and any 
associated documentation or information are expressly subject 
to the terms and conditions of the Intel Program License 
Subscription Agreement, the Intel Quartus Prime License Agreement,
the Intel FPGA IP License Agreement, or other applicable license
agreement, including, without limitation, that your use is for
the sole purpose of programming logic devices manufactured by
Intel and sold by Intel or its authorized distributors.  Please
refer to the applicable agreement for further details.



+--------------------------------------------------------------------------------------+
; Flow Summary                                                                         ;
+------------------------------------+-------------------------------------------------+
; Flow Status                        ; Successful - Sun Oct 10 03:56:07 2021           ;
; Quartus Prime Version              ; 18.0.0 Build 614 04/24/2018 SJ Standard Edition ;
; Revision Name                      ; max10_nios2_interrupt                           ;
; Top-level Entity Name              ; top                                             ;
; Family                             ; MAX 10                                          ;
; Device                             ; 10M50DAF484C7G                                  ;
; Timing Models                      ; Final                                           ;
; Total logic elements               ; 2,623 / 49,760 ( 5 % )                          ;
;     Total combinational functions  ; 2,502 / 49,760 ( 5 % )                          ;
;     Dedicated logic registers      ; 1,318 / 49,760 ( 3 % )                          ;
; Total registers                    ; 1318                                            ;
; Total pins                         ; 71 / 360 ( 20 % )                               ;
; Total virtual pins                 ; 0                                               ;
; Total memory bits                  ; 829,952 / 1,677,312 ( 49 % )                    ;
; Embedded Multiplier 9-bit elements ; 0 / 288 ( 0 % )                                 ;
; Total PLLs                         ; 0 / 4 ( 0 % )                                   ;
; UFM blocks                         ; 1 / 1 ( 100 % )                                 ;
; ADC blocks                         ; 0 / 2 ( 0 % )                                   ;
+------------------------------------+-------------------------------------------------+


+-------------------------------------------+
; Flow Settings                             ;
+-------------------+-----------------------+
; Option            ; Setting               ;
+-------------------+-----------------------+
; Start date & time ; 10/10/2021 03:48:11   ;
; Main task         ; Compilation           ;
; Revision Name     ; max10_nios2_interrupt ;
+-------------------+-----------------------+


+----------------------------------------------------------------------------------------------------------------------------------------------+
; Flow Non-Default Global Settings                                                                                                             ;
+-------------------------------------+----------------------------------------+-----------------------+----------------------+----------------+
; Assignment Name                     ; Value                                  ; Default Value         ; Entity Name          ; Section Id     ;
+-------------------------------------+----------------------------------------+-----------------------+----------------------+----------------+
; COMPILER_SIGNATURE_ID               ; 1098954757755.163380889012188          ; --                    ; --                   ; --             ;
; EDA_OUTPUT_DATA_FORMAT              ; Verilog Hdl                            ; --                    ; --                   ; eda_simulation ;
; EDA_SIMULATION_TOOL                 ; ModelSim (Verilog)                     ; <None>                ; --                   ; --             ;
; EDA_TIME_SCALE                      ; 1 ps                                   ; --                    ; --                   ; eda_simulation ;
; MAX_CORE_JUNCTION_TEMP              ; 85                                     ; --                    ; --                   ; --             ;
; MIN_CORE_JUNCTION_TEMP              ; 0                                      ; --                    ; --                   ; --             ;
; OUTPUT_IO_TIMING_FAR_END_VMEAS      ; Half Signal Swing                      ; --                    ; --                   ; --             ;
; OUTPUT_IO_TIMING_FAR_END_VMEAS      ; Half Signal Swing                      ; --                    ; --                   ; --             ;
; OUTPUT_IO_TIMING_NEAR_END_VMEAS     ; Half Vccio                             ; --                    ; --                   ; --             ;
; OUTPUT_IO_TIMING_NEAR_END_VMEAS     ; Half Vccio                             ; --                    ; --                   ; --             ;
; PARTITION_COLOR                     ; -- (Not supported for targeted family) ; --                    ; DE10_LITE_Golden_Top ; Top            ;
; PARTITION_COLOR                     ; -- (Not supported for targeted family) ; --                    ; top                  ; Top            ;
; PARTITION_FITTER_PRESERVATION_LEVEL ; -- (Not supported for targeted family) ; --                    ; DE10_LITE_Golden_Top ; Top            ;
; PARTITION_FITTER_PRESERVATION_LEVEL ; -- (Not supported for targeted family) ; --                    ; top                  ; Top            ;
; PARTITION_NETLIST_TYPE              ; -- (Not supported for targeted family) ; --                    ; DE10_LITE_Golden_Top ; Top            ;
; PARTITION_NETLIST_TYPE              ; -- (Not supported for targeted family) ; --                    ; top                  ; Top            ;
; POWER_BOARD_THERMAL_MODEL           ; None (CONSERVATIVE)                    ; --                    ; --                   ; --             ;
; POWER_PRESET_COOLING_SOLUTION       ; 23 MM HEAT SINK WITH 200 LFPM AIRFLOW  ; --                    ; --                   ; --             ;
; PROJECT_OUTPUT_DIRECTORY            ; output_files                           ; --                    ; --                   ; --             ;
; TOP_LEVEL_ENTITY                    ; top                                    ; max10_nios2_interrupt ; --                   ; --             ;
+-------------------------------------+----------------------------------------+-----------------------+----------------------+----------------+


+--------------------------------------------------------------------------------------------------------------------------+
; Flow Elapsed Time                                                                                                        ;
+----------------------+--------------+-------------------------+---------------------+------------------------------------+
; Module Name          ; Elapsed Time ; Average Processors Used ; Peak Virtual Memory ; Total CPU Time (on all processors) ;
+----------------------+--------------+-------------------------+---------------------+------------------------------------+
; Analysis & Synthesis ; 00:06:43     ; 1.0                     ; 4982 MB             ; 00:04:43                           ;
; Fitter               ; 00:00:33     ; 2.8                     ; 6697 MB             ; 00:00:57                           ;
; Assembler            ; 00:00:09     ; 1.0                     ; 4699 MB             ; 00:00:07                           ;
; Timing Analyzer      ; 00:00:12     ; 3.4                     ; 5010 MB             ; 00:00:17                           ;
; EDA Netlist Writer   ; 00:00:06     ; 1.0                     ; 4714 MB             ; 00:00:04                           ;
; Total                ; 00:07:43     ; --                      ; --                  ; 00:06:08                           ;
+----------------------+--------------+-------------------------+---------------------+------------------------------------+


+------------------------------------------------------------------------------------+
; Flow OS Summary                                                                    ;
+----------------------+------------------+------------+------------+----------------+
; Module Name          ; Machine Hostname ; OS Name    ; OS Version ; Processor type ;
+----------------------+------------------+------------+------------+----------------+
; Analysis & Synthesis ; ANTONIUS-OMEN    ; Windows 10 ; 10.0       ; x86_64         ;
; Fitter               ; ANTONIUS-OMEN    ; Windows 10 ; 10.0       ; x86_64         ;
; Assembler            ; ANTONIUS-OMEN    ; Windows 10 ; 10.0       ; x86_64         ;
; Timing Analyzer      ; ANTONIUS-OMEN    ; Windows 10 ; 10.0       ; x86_64         ;
; EDA Netlist Writer   ; ANTONIUS-OMEN    ; Windows 10 ; 10.0       ; x86_64         ;
+----------------------+------------------+------------+------------+----------------+


------------
; Flow Log ;
------------
quartus_map --read_settings_files=on --write_settings_files=off max10_nios2_interrupt -c max10_nios2_interrupt
quartus_fit --read_settings_files=off --write_settings_files=off max10_nios2_interrupt -c max10_nios2_interrupt
quartus_asm --read_settings_files=off --write_settings_files=off max10_nios2_interrupt -c max10_nios2_interrupt
quartus_sta max10_nios2_interrupt -c max10_nios2_interrupt
quartus_eda --read_settings_files=off --write_settings_files=off max10_nios2_interrupt -c max10_nios2_interrupt



